<?xml version="1.0" encoding="UTF-8"?>
<!-- Generated by org.testng.reporters.JUnitReportReporter -->
<testsuite hostname="DESKTOP-R6NRLT5" name="com.excel.readexcel.ReadData" tests="1" failures="0" timestamp="28 Jul 2017 03:59:50 GMT" time="0.777" errors="0">
  <testcase name="read" time="0.777" classname="com.excel.readexcel.ReadData"/>
</testsuite> <!-- com.excel.readexcel.ReadData -->
